状态 26 conflicts: 1 shift/reduce
状态 31 conflicts: 1 shift/reduce


语法

    0 $accept: Program $end

    1 Program: ExtDefList

    2 ExtDefList: ExtDef ExtDefList
    3           | %empty

    4 ExtDef: Specifier ExtDecList SEMI
    5       | Specifier SEMI
    6       | Specifier FunDec CompSt
    7       | Specifier FunDec SEMI
    8       | error SEMI

    9 ExtDecList: VarDec
   10           | VarDec COMMA ExtDecList

   11 Specifier: TYPE
   12          | StructSpecifier

   13 StructSpecifier: STRUCT OptTag LC DefList RC
   14                | STRUCT Tag

   15 OptTag: ID
   16       | %empty

   17 Tag: ID

   18 VarDec: ID
   19       | VarDec LB INT RB

   20 FunDec: ID LP VarList RP
   21       | ID LP RP

   22 VarList: ParamDec COMMA VarList
   23        | ParamDec

   24 ParamDec: Specifier VarDec

   25 CompSt: LC DefList StmtList RC
   26       | LC error RC

   27 StmtList: Stmt StmtList
   28         | %empty

   29 Stmt: Exp SEMI
   30     | CompSt
   31     | RETURN Exp SEMI
   32     | IF LP Exp RP Stmt
   33     | IF LP Exp RP Stmt ELSE Stmt
   34     | WHILE LP Exp RP Stmt
   35     | error SEMI
   36     | IF error ELSE

   37 DefList: Def DefList
   38        | %empty

   39 Def: Specifier DecList SEMI
   40    | error SEMI

   41 DecList: Dec
   42        | Dec COMMA DecList

   43 Dec: VarDec
   44    | VarDec ASSIGNOP Exp

   45 Exp: Exp ASSIGNOP Exp
   46    | Exp AND Exp
   47    | Exp OR Exp
   48    | Exp RELOP Exp
   49    | Exp PLUS Exp
   50    | Exp MINUS Exp
   51    | Exp STAR Exp
   52    | Exp DIV Exp
   53    | LP Exp RP
   54    | MINUS Exp
   55    | NOT Exp
   56    | ID LP Args RP
   57    | ID LP RP
   58    | Exp LB Exp RB
   59    | Exp DOT ID
   60    | ID
   61    | INT
   62    | FLOAT
   63    | LP error RP

   64 Args: Exp COMMA Args
   65     | Exp


Terminals, with rules where they appear

$end (0) 0
error (256) 8 26 35 36 40 63
INT (258) 19 61
FLOAT (259) 62
ID (260) 15 17 18 20 21 56 57 59 60
SEMI (261) 4 5 7 8 29 31 35 39 40
COMMA (262) 10 22 42 64
ASSIGNOP (263) 44 45
RELOP (264) 48
PLUS (265) 49
MINUS (266) 50 54
STAR (267) 51
DIV (268) 52
AND (269) 46
OR (270) 47
DOT (271) 59
NOT (272) 55
TYPE (273) 11
LP (274) 20 21 32 33 34 53 56 57 63
RP (275) 20 21 32 33 34 53 56 57 63
LB (276) 19 58
RB (277) 19 58
LC (278) 13 25 26
RC (279) 13 25 26
STRUCT (280) 13 14
RETURN (281) 31
IF (282) 32 33 36
ELSE (283) 33 36
WHILE (284) 34
UMINUS (285)
LOWER_THAN_ELSE (286)


Nonterminals, with rules where they appear

$accept (32)
    左： 0
Program (33)
    左： 1, 右： 0
ExtDefList (34)
    左： 2 3, 右： 1 2
ExtDef (35)
    左： 4 5 6 7 8, 右： 2
ExtDecList (36)
    左： 9 10, 右： 4 10
Specifier (37)
    左： 11 12, 右： 4 5 6 7 24 39
StructSpecifier (38)
    左： 13 14, 右： 12
OptTag (39)
    左： 15 16, 右： 13
Tag (40)
    左： 17, 右： 14
VarDec (41)
    左： 18 19, 右： 9 10 19 24 43 44
FunDec (42)
    左： 20 21, 右： 6 7
VarList (43)
    左： 22 23, 右： 20 22
ParamDec (44)
    左： 24, 右： 22 23
CompSt (45)
    左： 25 26, 右： 6 30
StmtList (46)
    左： 27 28, 右： 25 27
Stmt (47)
    左： 29 30 31 32 33 34 35 36, 右： 27 32 33 34
DefList (48)
    左： 37 38, 右： 13 25 37
Def (49)
    左： 39 40, 右： 37
DecList (50)
    左： 41 42, 右： 39 42
Dec (51)
    左： 43 44, 右： 41 42
Exp (52)
    左： 45 46 47 48 49 50 51 52 53 54 55 56 57 58 59 60 61 62 63,
    右： 29 31 32 33 34 44 45 46 47 48 49 50 51 52 53 54 55 58 59
    64 65
Args (53)
    左： 64 65, 右： 56 64


State 0

    0 $accept: . Program $end

    error   shift, and go to state 1
    TYPE    shift, and go to state 2
    STRUCT  shift, and go to state 3

    $end  reduce using rule 3 (ExtDefList)

    Program          转到状态 4
    ExtDefList       转到状态 5
    ExtDef           转到状态 6
    Specifier        转到状态 7
    StructSpecifier  转到状态 8


State 1

    8 ExtDef: error . SEMI

    SEMI  shift, and go to state 9


State 2

   11 Specifier: TYPE .

    $default  reduce using rule 11 (Specifier)


State 3

   13 StructSpecifier: STRUCT . OptTag LC DefList RC
   14                | STRUCT . Tag

    ID  shift, and go to state 10

    $default  reduce using rule 16 (OptTag)

    OptTag  转到状态 11
    Tag     转到状态 12


State 4

    0 $accept: Program . $end

    $end  shift, and go to state 13


State 5

    1 Program: ExtDefList .

    $default  reduce using rule 1 (Program)


State 6

    2 ExtDefList: ExtDef . ExtDefList

    error   shift, and go to state 1
    TYPE    shift, and go to state 2
    STRUCT  shift, and go to state 3

    $end  reduce using rule 3 (ExtDefList)

    ExtDefList       转到状态 14
    ExtDef           转到状态 6
    Specifier        转到状态 7
    StructSpecifier  转到状态 8


State 7

    4 ExtDef: Specifier . ExtDecList SEMI
    5       | Specifier . SEMI
    6       | Specifier . FunDec CompSt
    7       | Specifier . FunDec SEMI

    ID    shift, and go to state 15
    SEMI  shift, and go to state 16

    ExtDecList  转到状态 17
    VarDec      转到状态 18
    FunDec      转到状态 19


State 8

   12 Specifier: StructSpecifier .

    $default  reduce using rule 12 (Specifier)


State 9

    8 ExtDef: error SEMI .

    $default  reduce using rule 8 (ExtDef)


State 10

   15 OptTag: ID .
   17 Tag: ID .

    LC        reduce using rule 15 (OptTag)
    $default  reduce using rule 17 (Tag)


State 11

   13 StructSpecifier: STRUCT OptTag . LC DefList RC

    LC  shift, and go to state 20


State 12

   14 StructSpecifier: STRUCT Tag .

    $default  reduce using rule 14 (StructSpecifier)


State 13

    0 $accept: Program $end .

    $default  接受


State 14

    2 ExtDefList: ExtDef ExtDefList .

    $default  reduce using rule 2 (ExtDefList)


State 15

   18 VarDec: ID .
   20 FunDec: ID . LP VarList RP
   21       | ID . LP RP

    LP  shift, and go to state 21

    $default  reduce using rule 18 (VarDec)


State 16

    5 ExtDef: Specifier SEMI .

    $default  reduce using rule 5 (ExtDef)


State 17

    4 ExtDef: Specifier ExtDecList . SEMI

    SEMI  shift, and go to state 22


State 18

    9 ExtDecList: VarDec .
   10           | VarDec . COMMA ExtDecList
   19 VarDec: VarDec . LB INT RB

    COMMA  shift, and go to state 23
    LB     shift, and go to state 24

    $default  reduce using rule 9 (ExtDecList)


State 19

    6 ExtDef: Specifier FunDec . CompSt
    7       | Specifier FunDec . SEMI

    SEMI  shift, and go to state 25
    LC    shift, and go to state 26

    CompSt  转到状态 27


State 20

   13 StructSpecifier: STRUCT OptTag LC . DefList RC

    error   shift, and go to state 28
    TYPE    shift, and go to state 2
    STRUCT  shift, and go to state 3

    RC  reduce using rule 38 (DefList)

    Specifier        转到状态 29
    StructSpecifier  转到状态 8
    DefList          转到状态 30
    Def              转到状态 31


State 21

   20 FunDec: ID LP . VarList RP
   21       | ID LP . RP

    TYPE    shift, and go to state 2
    RP      shift, and go to state 32
    STRUCT  shift, and go to state 3

    Specifier        转到状态 33
    StructSpecifier  转到状态 8
    VarList          转到状态 34
    ParamDec         转到状态 35


State 22

    4 ExtDef: Specifier ExtDecList SEMI .

    $default  reduce using rule 4 (ExtDef)


State 23

   10 ExtDecList: VarDec COMMA . ExtDecList

    ID  shift, and go to state 36

    ExtDecList  转到状态 37
    VarDec      转到状态 18


State 24

   19 VarDec: VarDec LB . INT RB

    INT  shift, and go to state 38


State 25

    7 ExtDef: Specifier FunDec SEMI .

    $default  reduce using rule 7 (ExtDef)


State 26

   25 CompSt: LC . DefList StmtList RC
   26       | LC . error RC

    error   shift, and go to state 39
    TYPE    shift, and go to state 2
    STRUCT  shift, and go to state 3

    error   [reduce using rule 38 (DefList)]
    INT     reduce using rule 38 (DefList)
    FLOAT   reduce using rule 38 (DefList)
    ID      reduce using rule 38 (DefList)
    MINUS   reduce using rule 38 (DefList)
    NOT     reduce using rule 38 (DefList)
    LP      reduce using rule 38 (DefList)
    LC      reduce using rule 38 (DefList)
    RC      reduce using rule 38 (DefList)
    RETURN  reduce using rule 38 (DefList)
    IF      reduce using rule 38 (DefList)
    WHILE   reduce using rule 38 (DefList)

    Specifier        转到状态 29
    StructSpecifier  转到状态 8
    DefList          转到状态 40
    Def              转到状态 31


State 27

    6 ExtDef: Specifier FunDec CompSt .

    $default  reduce using rule 6 (ExtDef)


State 28

   40 Def: error . SEMI

    SEMI  shift, and go to state 41


State 29

   39 Def: Specifier . DecList SEMI

    ID  shift, and go to state 36

    VarDec   转到状态 42
    DecList  转到状态 43
    Dec      转到状态 44


State 30

   13 StructSpecifier: STRUCT OptTag LC DefList . RC

    RC  shift, and go to state 45


State 31

   37 DefList: Def . DefList

    error   shift, and go to state 28
    TYPE    shift, and go to state 2
    STRUCT  shift, and go to state 3

    error   [reduce using rule 38 (DefList)]
    INT     reduce using rule 38 (DefList)
    FLOAT   reduce using rule 38 (DefList)
    ID      reduce using rule 38 (DefList)
    MINUS   reduce using rule 38 (DefList)
    NOT     reduce using rule 38 (DefList)
    LP      reduce using rule 38 (DefList)
    LC      reduce using rule 38 (DefList)
    RC      reduce using rule 38 (DefList)
    RETURN  reduce using rule 38 (DefList)
    IF      reduce using rule 38 (DefList)
    WHILE   reduce using rule 38 (DefList)

    Specifier        转到状态 29
    StructSpecifier  转到状态 8
    DefList          转到状态 46
    Def              转到状态 31


State 32

   21 FunDec: ID LP RP .

    $default  reduce using rule 21 (FunDec)


State 33

   24 ParamDec: Specifier . VarDec

    ID  shift, and go to state 36

    VarDec  转到状态 47


State 34

   20 FunDec: ID LP VarList . RP

    RP  shift, and go to state 48


State 35

   22 VarList: ParamDec . COMMA VarList
   23        | ParamDec .

    COMMA  shift, and go to state 49

    $default  reduce using rule 23 (VarList)


State 36

   18 VarDec: ID .

    $default  reduce using rule 18 (VarDec)


State 37

   10 ExtDecList: VarDec COMMA ExtDecList .

    $default  reduce using rule 10 (ExtDecList)


State 38

   19 VarDec: VarDec LB INT . RB

    RB  shift, and go to state 50


State 39

   26 CompSt: LC error . RC
   40 Def: error . SEMI

    SEMI  shift, and go to state 41
    RC    shift, and go to state 51


State 40

   25 CompSt: LC DefList . StmtList RC

    error   shift, and go to state 52
    INT     shift, and go to state 53
    FLOAT   shift, and go to state 54
    ID      shift, and go to state 55
    MINUS   shift, and go to state 56
    NOT     shift, and go to state 57
    LP      shift, and go to state 58
    LC      shift, and go to state 26
    RETURN  shift, and go to state 59
    IF      shift, and go to state 60
    WHILE   shift, and go to state 61

    RC  reduce using rule 28 (StmtList)

    CompSt    转到状态 62
    StmtList  转到状态 63
    Stmt      转到状态 64
    Exp       转到状态 65


State 41

   40 Def: error SEMI .

    $default  reduce using rule 40 (Def)


State 42

   19 VarDec: VarDec . LB INT RB
   43 Dec: VarDec .
   44    | VarDec . ASSIGNOP Exp

    ASSIGNOP  shift, and go to state 66
    LB        shift, and go to state 24

    $default  reduce using rule 43 (Dec)


State 43

   39 Def: Specifier DecList . SEMI

    SEMI  shift, and go to state 67


State 44

   41 DecList: Dec .
   42        | Dec . COMMA DecList

    COMMA  shift, and go to state 68

    $default  reduce using rule 41 (DecList)


State 45

   13 StructSpecifier: STRUCT OptTag LC DefList RC .

    $default  reduce using rule 13 (StructSpecifier)


State 46

   37 DefList: Def DefList .

    $default  reduce using rule 37 (DefList)


State 47

   19 VarDec: VarDec . LB INT RB
   24 ParamDec: Specifier VarDec .

    LB  shift, and go to state 24

    $default  reduce using rule 24 (ParamDec)


State 48

   20 FunDec: ID LP VarList RP .

    $default  reduce using rule 20 (FunDec)


State 49

   22 VarList: ParamDec COMMA . VarList

    TYPE    shift, and go to state 2
    STRUCT  shift, and go to state 3

    Specifier        转到状态 33
    StructSpecifier  转到状态 8
    VarList          转到状态 69
    ParamDec         转到状态 35


State 50

   19 VarDec: VarDec LB INT RB .

    $default  reduce using rule 19 (VarDec)


State 51

   26 CompSt: LC error RC .

    $default  reduce using rule 26 (CompSt)


State 52

   35 Stmt: error . SEMI

    SEMI  shift, and go to state 70


State 53

   61 Exp: INT .

    $default  reduce using rule 61 (Exp)


State 54

   62 Exp: FLOAT .

    $default  reduce using rule 62 (Exp)


State 55

   56 Exp: ID . LP Args RP
   57    | ID . LP RP
   60    | ID .

    LP  shift, and go to state 71

    $default  reduce using rule 60 (Exp)


State 56

   54 Exp: MINUS . Exp

    INT    shift, and go to state 53
    FLOAT  shift, and go to state 54
    ID     shift, and go to state 55
    MINUS  shift, and go to state 56
    NOT    shift, and go to state 57
    LP     shift, and go to state 58

    Exp  转到状态 72


State 57

   55 Exp: NOT . Exp

    INT    shift, and go to state 53
    FLOAT  shift, and go to state 54
    ID     shift, and go to state 55
    MINUS  shift, and go to state 56
    NOT    shift, and go to state 57
    LP     shift, and go to state 58

    Exp  转到状态 73


State 58

   53 Exp: LP . Exp RP
   63    | LP . error RP

    error  shift, and go to state 74
    INT    shift, and go to state 53
    FLOAT  shift, and go to state 54
    ID     shift, and go to state 55
    MINUS  shift, and go to state 56
    NOT    shift, and go to state 57
    LP     shift, and go to state 58

    Exp  转到状态 75


State 59

   31 Stmt: RETURN . Exp SEMI

    INT    shift, and go to state 53
    FLOAT  shift, and go to state 54
    ID     shift, and go to state 55
    MINUS  shift, and go to state 56
    NOT    shift, and go to state 57
    LP     shift, and go to state 58

    Exp  转到状态 76


State 60

   32 Stmt: IF . LP Exp RP Stmt
   33     | IF . LP Exp RP Stmt ELSE Stmt
   36     | IF . error ELSE

    error  shift, and go to state 77
    LP     shift, and go to state 78


State 61

   34 Stmt: WHILE . LP Exp RP Stmt

    LP  shift, and go to state 79


State 62

   30 Stmt: CompSt .

    $default  reduce using rule 30 (Stmt)


State 63

   25 CompSt: LC DefList StmtList . RC

    RC  shift, and go to state 80


State 64

   27 StmtList: Stmt . StmtList

    error   shift, and go to state 52
    INT     shift, and go to state 53
    FLOAT   shift, and go to state 54
    ID      shift, and go to state 55
    MINUS   shift, and go to state 56
    NOT     shift, and go to state 57
    LP      shift, and go to state 58
    LC      shift, and go to state 26
    RETURN  shift, and go to state 59
    IF      shift, and go to state 60
    WHILE   shift, and go to state 61

    RC  reduce using rule 28 (StmtList)

    CompSt    转到状态 62
    StmtList  转到状态 81
    Stmt      转到状态 64
    Exp       转到状态 65


State 65

   29 Stmt: Exp . SEMI
   45 Exp: Exp . ASSIGNOP Exp
   46    | Exp . AND Exp
   47    | Exp . OR Exp
   48    | Exp . RELOP Exp
   49    | Exp . PLUS Exp
   50    | Exp . MINUS Exp
   51    | Exp . STAR Exp
   52    | Exp . DIV Exp
   58    | Exp . LB Exp RB
   59    | Exp . DOT ID

    SEMI      shift, and go to state 82
    ASSIGNOP  shift, and go to state 83
    RELOP     shift, and go to state 84
    PLUS      shift, and go to state 85
    MINUS     shift, and go to state 86
    STAR      shift, and go to state 87
    DIV       shift, and go to state 88
    AND       shift, and go to state 89
    OR        shift, and go to state 90
    DOT       shift, and go to state 91
    LB        shift, and go to state 92


State 66

   44 Dec: VarDec ASSIGNOP . Exp

    INT    shift, and go to state 53
    FLOAT  shift, and go to state 54
    ID     shift, and go to state 55
    MINUS  shift, and go to state 56
    NOT    shift, and go to state 57
    LP     shift, and go to state 58

    Exp  转到状态 93


State 67

   39 Def: Specifier DecList SEMI .

    $default  reduce using rule 39 (Def)


State 68

   42 DecList: Dec COMMA . DecList

    ID  shift, and go to state 36

    VarDec   转到状态 42
    DecList  转到状态 94
    Dec      转到状态 44


State 69

   22 VarList: ParamDec COMMA VarList .

    $default  reduce using rule 22 (VarList)


State 70

   35 Stmt: error SEMI .

    $default  reduce using rule 35 (Stmt)


State 71

   56 Exp: ID LP . Args RP
   57    | ID LP . RP

    INT    shift, and go to state 53
    FLOAT  shift, and go to state 54
    ID     shift, and go to state 55
    MINUS  shift, and go to state 56
    NOT    shift, and go to state 57
    LP     shift, and go to state 58
    RP     shift, and go to state 95

    Exp   转到状态 96
    Args  转到状态 97


State 72

   45 Exp: Exp . ASSIGNOP Exp
   46    | Exp . AND Exp
   47    | Exp . OR Exp
   48    | Exp . RELOP Exp
   49    | Exp . PLUS Exp
   50    | Exp . MINUS Exp
   51    | Exp . STAR Exp
   52    | Exp . DIV Exp
   54    | MINUS Exp .
   58    | Exp . LB Exp RB
   59    | Exp . DOT ID

    DOT  shift, and go to state 91
    LB   shift, and go to state 92

    $default  reduce using rule 54 (Exp)


State 73

   45 Exp: Exp . ASSIGNOP Exp
   46    | Exp . AND Exp
   47    | Exp . OR Exp
   48    | Exp . RELOP Exp
   49    | Exp . PLUS Exp
   50    | Exp . MINUS Exp
   51    | Exp . STAR Exp
   52    | Exp . DIV Exp
   55    | NOT Exp .
   58    | Exp . LB Exp RB
   59    | Exp . DOT ID

    DOT  shift, and go to state 91
    LB   shift, and go to state 92

    $default  reduce using rule 55 (Exp)


State 74

   63 Exp: LP error . RP

    RP  shift, and go to state 98


State 75

   45 Exp: Exp . ASSIGNOP Exp
   46    | Exp . AND Exp
   47    | Exp . OR Exp
   48    | Exp . RELOP Exp
   49    | Exp . PLUS Exp
   50    | Exp . MINUS Exp
   51    | Exp . STAR Exp
   52    | Exp . DIV Exp
   53    | LP Exp . RP
   58    | Exp . LB Exp RB
   59    | Exp . DOT ID

    ASSIGNOP  shift, and go to state 83
    RELOP     shift, and go to state 84
    PLUS      shift, and go to state 85
    MINUS     shift, and go to state 86
    STAR      shift, and go to state 87
    DIV       shift, and go to state 88
    AND       shift, and go to state 89
    OR        shift, and go to state 90
    DOT       shift, and go to state 91
    RP        shift, and go to state 99
    LB        shift, and go to state 92


State 76

   31 Stmt: RETURN Exp . SEMI
   45 Exp: Exp . ASSIGNOP Exp
   46    | Exp . AND Exp
   47    | Exp . OR Exp
   48    | Exp . RELOP Exp
   49    | Exp . PLUS Exp
   50    | Exp . MINUS Exp
   51    | Exp . STAR Exp
   52    | Exp . DIV Exp
   58    | Exp . LB Exp RB
   59    | Exp . DOT ID

    SEMI      shift, and go to state 100
    ASSIGNOP  shift, and go to state 83
    RELOP     shift, and go to state 84
    PLUS      shift, and go to state 85
    MINUS     shift, and go to state 86
    STAR      shift, and go to state 87
    DIV       shift, and go to state 88
    AND       shift, and go to state 89
    OR        shift, and go to state 90
    DOT       shift, and go to state 91
    LB        shift, and go to state 92


State 77

   36 Stmt: IF error . ELSE

    ELSE  shift, and go to state 101


State 78

   32 Stmt: IF LP . Exp RP Stmt
   33     | IF LP . Exp RP Stmt ELSE Stmt

    INT    shift, and go to state 53
    FLOAT  shift, and go to state 54
    ID     shift, and go to state 55
    MINUS  shift, and go to state 56
    NOT    shift, and go to state 57
    LP     shift, and go to state 58

    Exp  转到状态 102


State 79

   34 Stmt: WHILE LP . Exp RP Stmt

    INT    shift, and go to state 53
    FLOAT  shift, and go to state 54
    ID     shift, and go to state 55
    MINUS  shift, and go to state 56
    NOT    shift, and go to state 57
    LP     shift, and go to state 58

    Exp  转到状态 103


State 80

   25 CompSt: LC DefList StmtList RC .

    $default  reduce using rule 25 (CompSt)


State 81

   27 StmtList: Stmt StmtList .

    $default  reduce using rule 27 (StmtList)


State 82

   29 Stmt: Exp SEMI .

    $default  reduce using rule 29 (Stmt)


State 83

   45 Exp: Exp ASSIGNOP . Exp

    INT    shift, and go to state 53
    FLOAT  shift, and go to state 54
    ID     shift, and go to state 55
    MINUS  shift, and go to state 56
    NOT    shift, and go to state 57
    LP     shift, and go to state 58

    Exp  转到状态 104


State 84

   48 Exp: Exp RELOP . Exp

    INT    shift, and go to state 53
    FLOAT  shift, and go to state 54
    ID     shift, and go to state 55
    MINUS  shift, and go to state 56
    NOT    shift, and go to state 57
    LP     shift, and go to state 58

    Exp  转到状态 105


State 85

   49 Exp: Exp PLUS . Exp

    INT    shift, and go to state 53
    FLOAT  shift, and go to state 54
    ID     shift, and go to state 55
    MINUS  shift, and go to state 56
    NOT    shift, and go to state 57
    LP     shift, and go to state 58

    Exp  转到状态 106


State 86

   50 Exp: Exp MINUS . Exp

    INT    shift, and go to state 53
    FLOAT  shift, and go to state 54
    ID     shift, and go to state 55
    MINUS  shift, and go to state 56
    NOT    shift, and go to state 57
    LP     shift, and go to state 58

    Exp  转到状态 107


State 87

   51 Exp: Exp STAR . Exp

    INT    shift, and go to state 53
    FLOAT  shift, and go to state 54
    ID     shift, and go to state 55
    MINUS  shift, and go to state 56
    NOT    shift, and go to state 57
    LP     shift, and go to state 58

    Exp  转到状态 108


State 88

   52 Exp: Exp DIV . Exp

    INT    shift, and go to state 53
    FLOAT  shift, and go to state 54
    ID     shift, and go to state 55
    MINUS  shift, and go to state 56
    NOT    shift, and go to state 57
    LP     shift, and go to state 58

    Exp  转到状态 109


State 89

   46 Exp: Exp AND . Exp

    INT    shift, and go to state 53
    FLOAT  shift, and go to state 54
    ID     shift, and go to state 55
    MINUS  shift, and go to state 56
    NOT    shift, and go to state 57
    LP     shift, and go to state 58

    Exp  转到状态 110


State 90

   47 Exp: Exp OR . Exp

    INT    shift, and go to state 53
    FLOAT  shift, and go to state 54
    ID     shift, and go to state 55
    MINUS  shift, and go to state 56
    NOT    shift, and go to state 57
    LP     shift, and go to state 58

    Exp  转到状态 111


State 91

   59 Exp: Exp DOT . ID

    ID  shift, and go to state 112


State 92

   58 Exp: Exp LB . Exp RB

    INT    shift, and go to state 53
    FLOAT  shift, and go to state 54
    ID     shift, and go to state 55
    MINUS  shift, and go to state 56
    NOT    shift, and go to state 57
    LP     shift, and go to state 58

    Exp  转到状态 113


State 93

   44 Dec: VarDec ASSIGNOP Exp .
   45 Exp: Exp . ASSIGNOP Exp
   46    | Exp . AND Exp
   47    | Exp . OR Exp
   48    | Exp . RELOP Exp
   49    | Exp . PLUS Exp
   50    | Exp . MINUS Exp
   51    | Exp . STAR Exp
   52    | Exp . DIV Exp
   58    | Exp . LB Exp RB
   59    | Exp . DOT ID

    ASSIGNOP  shift, and go to state 83
    RELOP     shift, and go to state 84
    PLUS      shift, and go to state 85
    MINUS     shift, and go to state 86
    STAR      shift, and go to state 87
    DIV       shift, and go to state 88
    AND       shift, and go to state 89
    OR        shift, and go to state 90
    DOT       shift, and go to state 91
    LB        shift, and go to state 92

    $default  reduce using rule 44 (Dec)


State 94

   42 DecList: Dec COMMA DecList .

    $default  reduce using rule 42 (DecList)


State 95

   57 Exp: ID LP RP .

    $default  reduce using rule 57 (Exp)


State 96

   45 Exp: Exp . ASSIGNOP Exp
   46    | Exp . AND Exp
   47    | Exp . OR Exp
   48    | Exp . RELOP Exp
   49    | Exp . PLUS Exp
   50    | Exp . MINUS Exp
   51    | Exp . STAR Exp
   52    | Exp . DIV Exp
   58    | Exp . LB Exp RB
   59    | Exp . DOT ID
   64 Args: Exp . COMMA Args
   65     | Exp .

    COMMA     shift, and go to state 114
    ASSIGNOP  shift, and go to state 83
    RELOP     shift, and go to state 84
    PLUS      shift, and go to state 85
    MINUS     shift, and go to state 86
    STAR      shift, and go to state 87
    DIV       shift, and go to state 88
    AND       shift, and go to state 89
    OR        shift, and go to state 90
    DOT       shift, and go to state 91
    LB        shift, and go to state 92

    $default  reduce using rule 65 (Args)


State 97

   56 Exp: ID LP Args . RP

    RP  shift, and go to state 115


State 98

   63 Exp: LP error RP .

    $default  reduce using rule 63 (Exp)


State 99

   53 Exp: LP Exp RP .

    $default  reduce using rule 53 (Exp)


State 100

   31 Stmt: RETURN Exp SEMI .

    $default  reduce using rule 31 (Stmt)


State 101

   36 Stmt: IF error ELSE .

    $default  reduce using rule 36 (Stmt)


State 102

   32 Stmt: IF LP Exp . RP Stmt
   33     | IF LP Exp . RP Stmt ELSE Stmt
   45 Exp: Exp . ASSIGNOP Exp
   46    | Exp . AND Exp
   47    | Exp . OR Exp
   48    | Exp . RELOP Exp
   49    | Exp . PLUS Exp
   50    | Exp . MINUS Exp
   51    | Exp . STAR Exp
   52    | Exp . DIV Exp
   58    | Exp . LB Exp RB
   59    | Exp . DOT ID

    ASSIGNOP  shift, and go to state 83
    RELOP     shift, and go to state 84
    PLUS      shift, and go to state 85
    MINUS     shift, and go to state 86
    STAR      shift, and go to state 87
    DIV       shift, and go to state 88
    AND       shift, and go to state 89
    OR        shift, and go to state 90
    DOT       shift, and go to state 91
    RP        shift, and go to state 116
    LB        shift, and go to state 92


State 103

   34 Stmt: WHILE LP Exp . RP Stmt
   45 Exp: Exp . ASSIGNOP Exp
   46    | Exp . AND Exp
   47    | Exp . OR Exp
   48    | Exp . RELOP Exp
   49    | Exp . PLUS Exp
   50    | Exp . MINUS Exp
   51    | Exp . STAR Exp
   52    | Exp . DIV Exp
   58    | Exp . LB Exp RB
   59    | Exp . DOT ID

    ASSIGNOP  shift, and go to state 83
    RELOP     shift, and go to state 84
    PLUS      shift, and go to state 85
    MINUS     shift, and go to state 86
    STAR      shift, and go to state 87
    DIV       shift, and go to state 88
    AND       shift, and go to state 89
    OR        shift, and go to state 90
    DOT       shift, and go to state 91
    RP        shift, and go to state 117
    LB        shift, and go to state 92


State 104

   45 Exp: Exp . ASSIGNOP Exp
   45    | Exp ASSIGNOP Exp .
   46    | Exp . AND Exp
   47    | Exp . OR Exp
   48    | Exp . RELOP Exp
   49    | Exp . PLUS Exp
   50    | Exp . MINUS Exp
   51    | Exp . STAR Exp
   52    | Exp . DIV Exp
   58    | Exp . LB Exp RB
   59    | Exp . DOT ID

    ASSIGNOP  shift, and go to state 83
    RELOP     shift, and go to state 84
    PLUS      shift, and go to state 85
    MINUS     shift, and go to state 86
    STAR      shift, and go to state 87
    DIV       shift, and go to state 88
    AND       shift, and go to state 89
    OR        shift, and go to state 90
    DOT       shift, and go to state 91
    LB        shift, and go to state 92

    $default  reduce using rule 45 (Exp)


State 105

   45 Exp: Exp . ASSIGNOP Exp
   46    | Exp . AND Exp
   47    | Exp . OR Exp
   48    | Exp . RELOP Exp
   48    | Exp RELOP Exp .
   49    | Exp . PLUS Exp
   50    | Exp . MINUS Exp
   51    | Exp . STAR Exp
   52    | Exp . DIV Exp
   58    | Exp . LB Exp RB
   59    | Exp . DOT ID

    PLUS   shift, and go to state 85
    MINUS  shift, and go to state 86
    STAR   shift, and go to state 87
    DIV    shift, and go to state 88
    DOT    shift, and go to state 91
    LB     shift, and go to state 92

    $default  reduce using rule 48 (Exp)


State 106

   45 Exp: Exp . ASSIGNOP Exp
   46    | Exp . AND Exp
   47    | Exp . OR Exp
   48    | Exp . RELOP Exp
   49    | Exp . PLUS Exp
   49    | Exp PLUS Exp .
   50    | Exp . MINUS Exp
   51    | Exp . STAR Exp
   52    | Exp . DIV Exp
   58    | Exp . LB Exp RB
   59    | Exp . DOT ID

    STAR  shift, and go to state 87
    DIV   shift, and go to state 88
    DOT   shift, and go to state 91
    LB    shift, and go to state 92

    $default  reduce using rule 49 (Exp)


State 107

   45 Exp: Exp . ASSIGNOP Exp
   46    | Exp . AND Exp
   47    | Exp . OR Exp
   48    | Exp . RELOP Exp
   49    | Exp . PLUS Exp
   50    | Exp . MINUS Exp
   50    | Exp MINUS Exp .
   51    | Exp . STAR Exp
   52    | Exp . DIV Exp
   58    | Exp . LB Exp RB
   59    | Exp . DOT ID

    STAR  shift, and go to state 87
    DIV   shift, and go to state 88
    DOT   shift, and go to state 91
    LB    shift, and go to state 92

    $default  reduce using rule 50 (Exp)


State 108

   45 Exp: Exp . ASSIGNOP Exp
   46    | Exp . AND Exp
   47    | Exp . OR Exp
   48    | Exp . RELOP Exp
   49    | Exp . PLUS Exp
   50    | Exp . MINUS Exp
   51    | Exp . STAR Exp
   51    | Exp STAR Exp .
   52    | Exp . DIV Exp
   58    | Exp . LB Exp RB
   59    | Exp . DOT ID

    DOT  shift, and go to state 91
    LB   shift, and go to state 92

    $default  reduce using rule 51 (Exp)


State 109

   45 Exp: Exp . ASSIGNOP Exp
   46    | Exp . AND Exp
   47    | Exp . OR Exp
   48    | Exp . RELOP Exp
   49    | Exp . PLUS Exp
   50    | Exp . MINUS Exp
   51    | Exp . STAR Exp
   52    | Exp . DIV Exp
   52    | Exp DIV Exp .
   58    | Exp . LB Exp RB
   59    | Exp . DOT ID

    DOT  shift, and go to state 91
    LB   shift, and go to state 92

    $default  reduce using rule 52 (Exp)


State 110

   45 Exp: Exp . ASSIGNOP Exp
   46    | Exp . AND Exp
   46    | Exp AND Exp .
   47    | Exp . OR Exp
   48    | Exp . RELOP Exp
   49    | Exp . PLUS Exp
   50    | Exp . MINUS Exp
   51    | Exp . STAR Exp
   52    | Exp . DIV Exp
   58    | Exp . LB Exp RB
   59    | Exp . DOT ID

    RELOP  shift, and go to state 84
    PLUS   shift, and go to state 85
    MINUS  shift, and go to state 86
    STAR   shift, and go to state 87
    DIV    shift, and go to state 88
    DOT    shift, and go to state 91
    LB     shift, and go to state 92

    $default  reduce using rule 46 (Exp)


State 111

   45 Exp: Exp . ASSIGNOP Exp
   46    | Exp . AND Exp
   47    | Exp . OR Exp
   47    | Exp OR Exp .
   48    | Exp . RELOP Exp
   49    | Exp . PLUS Exp
   50    | Exp . MINUS Exp
   51    | Exp . STAR Exp
   52    | Exp . DIV Exp
   58    | Exp . LB Exp RB
   59    | Exp . DOT ID

    RELOP  shift, and go to state 84
    PLUS   shift, and go to state 85
    MINUS  shift, and go to state 86
    STAR   shift, and go to state 87
    DIV    shift, and go to state 88
    AND    shift, and go to state 89
    DOT    shift, and go to state 91
    LB     shift, and go to state 92

    $default  reduce using rule 47 (Exp)


State 112

   59 Exp: Exp DOT ID .

    $default  reduce using rule 59 (Exp)


State 113

   45 Exp: Exp . ASSIGNOP Exp
   46    | Exp . AND Exp
   47    | Exp . OR Exp
   48    | Exp . RELOP Exp
   49    | Exp . PLUS Exp
   50    | Exp . MINUS Exp
   51    | Exp . STAR Exp
   52    | Exp . DIV Exp
   58    | Exp . LB Exp RB
   58    | Exp LB Exp . RB
   59    | Exp . DOT ID

    ASSIGNOP  shift, and go to state 83
    RELOP     shift, and go to state 84
    PLUS      shift, and go to state 85
    MINUS     shift, and go to state 86
    STAR      shift, and go to state 87
    DIV       shift, and go to state 88
    AND       shift, and go to state 89
    OR        shift, and go to state 90
    DOT       shift, and go to state 91
    LB        shift, and go to state 92
    RB        shift, and go to state 118


State 114

   64 Args: Exp COMMA . Args

    INT    shift, and go to state 53
    FLOAT  shift, and go to state 54
    ID     shift, and go to state 55
    MINUS  shift, and go to state 56
    NOT    shift, and go to state 57
    LP     shift, and go to state 58

    Exp   转到状态 96
    Args  转到状态 119


State 115

   56 Exp: ID LP Args RP .

    $default  reduce using rule 56 (Exp)


State 116

   32 Stmt: IF LP Exp RP . Stmt
   33     | IF LP Exp RP . Stmt ELSE Stmt

    error   shift, and go to state 52
    INT     shift, and go to state 53
    FLOAT   shift, and go to state 54
    ID      shift, and go to state 55
    MINUS   shift, and go to state 56
    NOT     shift, and go to state 57
    LP      shift, and go to state 58
    LC      shift, and go to state 26
    RETURN  shift, and go to state 59
    IF      shift, and go to state 60
    WHILE   shift, and go to state 61

    CompSt  转到状态 62
    Stmt    转到状态 120
    Exp     转到状态 65


State 117

   34 Stmt: WHILE LP Exp RP . Stmt

    error   shift, and go to state 52
    INT     shift, and go to state 53
    FLOAT   shift, and go to state 54
    ID      shift, and go to state 55
    MINUS   shift, and go to state 56
    NOT     shift, and go to state 57
    LP      shift, and go to state 58
    LC      shift, and go to state 26
    RETURN  shift, and go to state 59
    IF      shift, and go to state 60
    WHILE   shift, and go to state 61

    CompSt  转到状态 62
    Stmt    转到状态 121
    Exp     转到状态 65


State 118

   58 Exp: Exp LB Exp RB .

    $default  reduce using rule 58 (Exp)


State 119

   64 Args: Exp COMMA Args .

    $default  reduce using rule 64 (Args)


State 120

   32 Stmt: IF LP Exp RP Stmt .
   33     | IF LP Exp RP Stmt . ELSE Stmt

    ELSE  shift, and go to state 122

    $default  reduce using rule 32 (Stmt)


State 121

   34 Stmt: WHILE LP Exp RP Stmt .

    $default  reduce using rule 34 (Stmt)


State 122

   33 Stmt: IF LP Exp RP Stmt ELSE . Stmt

    error   shift, and go to state 52
    INT     shift, and go to state 53
    FLOAT   shift, and go to state 54
    ID      shift, and go to state 55
    MINUS   shift, and go to state 56
    NOT     shift, and go to state 57
    LP      shift, and go to state 58
    LC      shift, and go to state 26
    RETURN  shift, and go to state 59
    IF      shift, and go to state 60
    WHILE   shift, and go to state 61

    CompSt  转到状态 62
    Stmt    转到状态 123
    Exp     转到状态 65


State 123

   33 Stmt: IF LP Exp RP Stmt ELSE Stmt .

    $default  reduce using rule 33 (Stmt)
